<?xml version="1.0" encoding="UTF-8"?>
<!-- Generated by org.testng.reporters.JUnitReportReporter -->
<testsuite hostname="SHUBHAM-PC" failures="0" tests="3" name="PB_module1_profile_Test.Test_POM_DDF_TestNG" time="-1688575360.000" errors="1" timestamp="2023-07-05T09:43:56 PDT" skipped="2">
  <testcase classname="PB_module1_profile_Test.Test_POM_DDF_TestNG" name="tc2" time="0.000">
    <skipped/>
  </testcase> <!-- tc2 -->
  <system-out/>
  <testcase classname="PB_module1_profile_Test.Test_POM_DDF_TestNG" name="OpenBrwoser" time="-1688575360.000">
    <error message="
Parameter &#039;browserName&#039; is required by BeforeClass on method OpenBrwoser but has not been marked @Optional or defined
in C:\Users\shubham\eclipse-workspace\seleniumMaven\1testng.xml" type="org.testng.TestNGException">
      <![CDATA[org.testng.TestNGException: 
Parameter 'browserName' is required by BeforeClass on method OpenBrwoser but has not been marked @Optional or defined
in C:\Users\shubham\eclipse-workspace\seleniumMaven\1testng.xml
at org.testng.internal.Parameters.createParams(Parameters.java:270)
at org.testng.internal.Parameters.createParametersForMethod(Parameters.java:358)
at org.testng.internal.Parameters.createParameters(Parameters.java:700)
at org.testng.internal.Parameters.createConfigurationParameters(Parameters.java:168)
at org.testng.internal.ConfigInvoker.invokeConfigurations(ConfigInvoker.java:302)
at org.testng.internal.TestMethodWorker.invokeBeforeClassMethods(TestMethodWorker.java:176)
at org.testng.internal.TestMethodWorker.run(TestMethodWorker.java:122)
at java.base/java.util.ArrayList.forEach(ArrayList.java:1541)
at org.testng.TestRunner.privateRun(TestRunner.java:794)
at org.testng.TestRunner.run(TestRunner.java:596)
at org.testng.SuiteRunner.runTest(SuiteRunner.java:377)
at org.testng.SuiteRunner.runSequentially(SuiteRunner.java:371)
at org.testng.SuiteRunner.privateRun(SuiteRunner.java:332)
at org.testng.SuiteRunner.run(SuiteRunner.java:276)
at org.testng.SuiteRunnerWorker.runSuite(SuiteRunnerWorker.java:53)
at org.testng.SuiteRunnerWorker.run(SuiteRunnerWorker.java:96)
at org.testng.TestNG.runSuitesSequentially(TestNG.java:1212)
at org.testng.TestNG.runSuitesLocally(TestNG.java:1134)
at org.testng.TestNG.runSuites(TestNG.java:1063)
at org.testng.TestNG.run(TestNG.java:1031)
at org.testng.remote.AbstractRemoteTestNG.run(AbstractRemoteTestNG.java:115)
at org.testng.remote.RemoteTestNG.initAndRun(RemoteTestNG.java:251)
at org.testng.remote.RemoteTestNG.main(RemoteTestNG.java:77)
]]>
    </error>
  </testcase> <!-- OpenBrwoser -->
  <system-out/>
  <testcase classname="PB_module1_profile_Test.Test_POM_DDF_TestNG" name="VerifyFullName" time="0.000">
    <skipped/>
  </testcase> <!-- VerifyFullName -->
  <system-out/>
</testsuite> <!-- PB_module1_profile_Test.Test_POM_DDF_TestNG -->
